<?xml version="1.0" encoding="UTF-8"?>
<coverage generated="1679929902">
  <project timestamp="1679929902">
    <file name="/Users/redbull/Projects/studoo/ecole-directe-api/src/Client.php">
      <class name="Studoo\Api\EcoleDirecte\Client" namespace="global">
        <metrics complexity="4" methods="4" coveredmethods="0" conditionals="0" coveredconditionals="0" statements="35" coveredstatements="0" elements="39" coveredelements="0"/>
      </class>
      <line num="43" type="method" name="__construct" visibility="public" complexity="1" crap="2" count="0"/>
      <line num="45" type="stmt" count="0"/>
      <line num="46" type="stmt" count="0"/>
      <line num="47" type="stmt" count="0"/>
      <line num="48" type="stmt" count="0"/>
      <line num="49" type="stmt" count="0"/>
      <line num="50" type="stmt" count="0"/>
      <line num="51" type="stmt" count="0"/>
      <line num="52" type="stmt" count="0"/>
      <line num="53" type="stmt" count="0"/>
      <line num="54" type="stmt" count="0"/>
      <line num="55" type="stmt" count="0"/>
      <line num="56" type="stmt" count="0"/>
      <line num="57" type="stmt" count="0"/>
      <line num="58" type="stmt" count="0"/>
      <line num="59" type="stmt" count="0"/>
      <line num="69" type="method" name="fetchAccessToken" visibility="public" complexity="1" crap="2" count="0"/>
      <line num="71" type="stmt" count="0"/>
      <line num="72" type="stmt" count="0"/>
      <line num="73" type="stmt" count="0"/>
      <line num="74" type="stmt" count="0"/>
      <line num="75" type="stmt" count="0"/>
      <line num="76" type="stmt" count="0"/>
      <line num="77" type="stmt" count="0"/>
      <line num="86" type="method" name="getVieScolaire" visibility="public" complexity="1" crap="2" count="0"/>
      <line num="88" type="stmt" count="0"/>
      <line num="89" type="stmt" count="0"/>
      <line num="90" type="stmt" count="0"/>
      <line num="91" type="stmt" count="0"/>
      <line num="92" type="stmt" count="0"/>
      <line num="93" type="stmt" count="0"/>
      <line num="94" type="stmt" count="0"/>
      <line num="95" type="stmt" count="0"/>
      <line num="96" type="stmt" count="0"/>
      <line num="97" type="stmt" count="0"/>
      <line num="98" type="stmt" count="0"/>
      <line num="105" type="method" name="getLibVerion" visibility="public" complexity="1" crap="2" count="0"/>
      <line num="107" type="stmt" count="0"/>
      <metrics loc="110" ncloc="73" classes="1" methods="4" coveredmethods="0" conditionals="0" coveredconditionals="0" statements="35" coveredstatements="0" elements="39" coveredelements="0"/>
    </file>
    <file name="/Users/redbull/Projects/studoo/ecole-directe-api/src/Core/BuildEntity.php">
      <class name="Studoo\Api\EcoleDirecte\Core\BuildEntity" namespace="global">
        <metrics complexity="3" methods="1" coveredmethods="1" conditionals="0" coveredconditionals="0" statements="5" coveredstatements="5" elements="6" coveredelements="6"/>
      </class>
      <line num="26" type="method" name="hasPacked" visibility="public" complexity="3" crap="3" count="3"/>
      <line num="28" type="stmt" count="3"/>
      <line num="29" type="stmt" count="3"/>
      <line num="30" type="stmt" count="3"/>
      <line num="31" type="stmt" count="3"/>
      <line num="35" type="stmt" count="3"/>
      <metrics loc="38" ncloc="20" classes="1" methods="1" coveredmethods="1" conditionals="0" coveredconditionals="0" statements="5" coveredstatements="5" elements="6" coveredelements="6"/>
    </file>
    <file name="/Users/redbull/Projects/studoo/ecole-directe-api/src/Entity/Login.php">
      <class name="Studoo\Api\EcoleDirecte\Entity\Login" namespace="global">
        <metrics complexity="24" methods="24" coveredmethods="24" conditionals="0" coveredconditionals="0" statements="36" coveredstatements="36" elements="60" coveredelements="60"/>
      </class>
      <line num="91" type="method" name="getToken" visibility="public" complexity="1" crap="1" count="2"/>
      <line num="93" type="stmt" count="2"/>
      <line num="96" type="method" name="setToken" visibility="public" complexity="1" crap="1" count="4"/>
      <line num="98" type="stmt" count="4"/>
      <line num="100" type="stmt" count="4"/>
      <line num="103" type="method" name="getIdLogin" visibility="public" complexity="1" crap="1" count="2"/>
      <line num="105" type="stmt" count="2"/>
      <line num="108" type="method" name="setIdLogin" visibility="public" complexity="1" crap="1" count="5"/>
      <line num="110" type="stmt" count="5"/>
      <line num="112" type="stmt" count="5"/>
      <line num="118" type="method" name="getId" visibility="public" complexity="1" crap="1" count="2"/>
      <line num="120" type="stmt" count="2"/>
      <line num="127" type="method" name="setId" visibility="public" complexity="1" crap="1" count="5"/>
      <line num="129" type="stmt" count="5"/>
      <line num="130" type="stmt" count="5"/>
      <line num="136" type="method" name="getUid" visibility="public" complexity="1" crap="1" count="2"/>
      <line num="138" type="stmt" count="2"/>
      <line num="145" type="method" name="setUid" visibility="public" complexity="1" crap="1" count="5"/>
      <line num="147" type="stmt" count="5"/>
      <line num="148" type="stmt" count="5"/>
      <line num="154" type="method" name="getIdentifiant" visibility="public" complexity="1" crap="1" count="1"/>
      <line num="156" type="stmt" count="1"/>
      <line num="163" type="method" name="setIdentifiant" visibility="public" complexity="1" crap="1" count="4"/>
      <line num="165" type="stmt" count="4"/>
      <line num="166" type="stmt" count="4"/>
      <line num="172" type="method" name="getTypeCompte" visibility="public" complexity="1" crap="1" count="1"/>
      <line num="174" type="stmt" count="1"/>
      <line num="181" type="method" name="setTypeCompte" visibility="public" complexity="1" crap="1" count="4"/>
      <line num="183" type="stmt" count="4"/>
      <line num="184" type="stmt" count="4"/>
      <line num="190" type="method" name="getEmail" visibility="public" complexity="1" crap="1" count="2"/>
      <line num="192" type="stmt" count="2"/>
      <line num="199" type="method" name="setEmail" visibility="public" complexity="1" crap="1" count="4"/>
      <line num="201" type="stmt" count="4"/>
      <line num="202" type="stmt" count="4"/>
      <line num="208" type="method" name="getNom" visibility="public" complexity="1" crap="1" count="1"/>
      <line num="210" type="stmt" count="1"/>
      <line num="217" type="method" name="setNom" visibility="public" complexity="1" crap="1" count="4"/>
      <line num="219" type="stmt" count="4"/>
      <line num="220" type="stmt" count="4"/>
      <line num="226" type="method" name="getPrenom" visibility="public" complexity="1" crap="1" count="1"/>
      <line num="228" type="stmt" count="1"/>
      <line num="235" type="method" name="setPrenom" visibility="public" complexity="1" crap="1" count="4"/>
      <line num="237" type="stmt" count="4"/>
      <line num="238" type="stmt" count="4"/>
      <line num="244" type="method" name="getAnneeScolaireCourante" visibility="public" complexity="1" crap="1" count="1"/>
      <line num="246" type="stmt" count="1"/>
      <line num="253" type="method" name="setAnneeScolaireCourante" visibility="public" complexity="1" crap="1" count="4"/>
      <line num="255" type="stmt" count="4"/>
      <line num="256" type="stmt" count="4"/>
      <line num="262" type="method" name="getNomEtablissement" visibility="public" complexity="1" crap="1" count="1"/>
      <line num="264" type="stmt" count="1"/>
      <line num="271" type="method" name="setNomEtablissement" visibility="public" complexity="1" crap="1" count="4"/>
      <line num="273" type="stmt" count="4"/>
      <line num="274" type="stmt" count="4"/>
      <line num="280" type="method" name="getProfile" visibility="public" complexity="1" crap="1" count="1"/>
      <line num="282" type="stmt" count="1"/>
      <line num="289" type="method" name="setProfile" visibility="public" complexity="1" crap="1" count="4"/>
      <line num="291" type="stmt" count="4"/>
      <line num="292" type="stmt" count="4"/>
      <metrics loc="295" ncloc="165" classes="1" methods="24" coveredmethods="24" conditionals="0" coveredconditionals="0" statements="36" coveredstatements="36" elements="60" coveredelements="60"/>
    </file>
    <file name="/Users/redbull/Projects/studoo/ecole-directe-api/src/Entity/Viescolaire.php">
      <class name="Studoo\Api\EcoleDirecte\Entity\Viescolaire" namespace="global">
        <metrics complexity="6" methods="6" coveredmethods="0" conditionals="0" coveredconditionals="0" statements="9" coveredstatements="0" elements="15" coveredelements="0"/>
      </class>
      <line num="38" type="method" name="getAbsencesRetards" visibility="public" complexity="1" crap="2" count="0"/>
      <line num="40" type="stmt" count="0"/>
      <line num="48" type="method" name="setAbsencesRetards" visibility="public" complexity="1" crap="2" count="0"/>
      <line num="50" type="stmt" count="0"/>
      <line num="51" type="stmt" count="0"/>
      <line num="58" type="method" name="getSanctionsEncouragements" visibility="public" complexity="1" crap="2" count="0"/>
      <line num="60" type="stmt" count="0"/>
      <line num="68" type="method" name="setSanctionsEncouragements" visibility="public" complexity="1" crap="2" count="0"/>
      <line num="70" type="stmt" count="0"/>
      <line num="71" type="stmt" count="0"/>
      <line num="78" type="method" name="getParametrage" visibility="public" complexity="1" crap="2" count="0"/>
      <line num="80" type="stmt" count="0"/>
      <line num="88" type="method" name="setParametrage" visibility="public" complexity="1" crap="2" count="0"/>
      <line num="90" type="stmt" count="0"/>
      <line num="91" type="stmt" count="0"/>
      <metrics loc="94" ncloc="47" classes="1" methods="6" coveredmethods="0" conditionals="0" coveredconditionals="0" statements="9" coveredstatements="0" elements="15" coveredelements="0"/>
    </file>
    <file name="/Users/redbull/Projects/studoo/ecole-directe-api/src/Exception/ErrorHttpStatusException.php">
      <class name="Studoo\Api\EcoleDirecte\Exception\ErrorHttpStatusException" namespace="global">
        <metrics complexity="0" methods="0" coveredmethods="0" conditionals="0" coveredconditionals="0" statements="0" coveredstatements="0" elements="0" coveredelements="0"/>
      </class>
      <metrics loc="18" ncloc="10" classes="0" methods="0" coveredmethods="0" conditionals="0" coveredconditionals="0" statements="0" coveredstatements="0" elements="0" coveredelements="0"/>
    </file>
    <file name="/Users/redbull/Projects/studoo/ecole-directe-api/src/Exception/InvalidCredentialsException.php">
      <class name="Studoo\Api\EcoleDirecte\Exception\InvalidCredentialsException" namespace="global">
        <metrics complexity="0" methods="0" coveredmethods="0" conditionals="0" coveredconditionals="0" statements="0" coveredstatements="0" elements="0" coveredelements="0"/>
      </class>
      <metrics loc="18" ncloc="10" classes="0" methods="0" coveredmethods="0" conditionals="0" coveredconditionals="0" statements="0" coveredstatements="0" elements="0" coveredelements="0"/>
    </file>
    <file name="/Users/redbull/Projects/studoo/ecole-directe-api/src/Exception/InvalidModelException.php">
      <class name="Studoo\Api\EcoleDirecte\Exception\InvalidModelException" namespace="global">
        <metrics complexity="0" methods="0" coveredmethods="0" conditionals="0" coveredconditionals="0" statements="0" coveredstatements="0" elements="0" coveredelements="0"/>
      </class>
      <metrics loc="18" ncloc="10" classes="0" methods="0" coveredmethods="0" conditionals="0" coveredconditionals="0" statements="0" coveredstatements="0" elements="0" coveredelements="0"/>
    </file>
    <file name="/Users/redbull/Projects/studoo/ecole-directe-api/src/Exception/NotDataResponseException.php">
      <class name="Studoo\Api\EcoleDirecte\Exception\NotDataResponseException" namespace="global">
        <metrics complexity="0" methods="0" coveredmethods="0" conditionals="0" coveredconditionals="0" statements="0" coveredstatements="0" elements="0" coveredelements="0"/>
      </class>
      <metrics loc="18" ncloc="10" classes="0" methods="0" coveredmethods="0" conditionals="0" coveredconditionals="0" statements="0" coveredstatements="0" elements="0" coveredelements="0"/>
    </file>
    <file name="/Users/redbull/Projects/studoo/ecole-directe-api/src/Query/DispacherQuery.php">
      <class name="Studoo\Api\EcoleDirecte\Query\DispacherQuery" namespace="global">
        <metrics complexity="2" methods="1" coveredmethods="0" conditionals="0" coveredconditionals="0" statements="7" coveredstatements="0" elements="8" coveredelements="0"/>
      </class>
      <line num="27" type="method" name="dispacherForModel" visibility="public" complexity="2" crap="6" count="0"/>
      <line num="29" type="stmt" count="0"/>
      <line num="30" type="stmt" count="0"/>
      <line num="31" type="stmt" count="0"/>
      <line num="32" type="stmt" count="0"/>
      <line num="34" type="stmt" count="0"/>
      <line num="35" type="stmt" count="0"/>
      <line num="37" type="stmt" count="0"/>
      <metrics loc="40" ncloc="22" classes="1" methods="1" coveredmethods="0" conditionals="0" coveredconditionals="0" statements="7" coveredstatements="0" elements="8" coveredelements="0"/>
    </file>
    <file name="/Users/redbull/Projects/studoo/ecole-directe-api/src/Query/EntityQueryInterface.php">
      <metrics loc="55" ncloc="15" classes="0" methods="0" coveredmethods="0" conditionals="0" coveredconditionals="0" statements="0" coveredstatements="0" elements="0" coveredelements="0"/>
    </file>
    <file name="/Users/redbull/Projects/studoo/ecole-directe-api/src/Query/LoginQuery.php">
      <class name="Studoo\Api\EcoleDirecte\Query\LoginQuery" namespace="global">
        <metrics complexity="3" methods="2" coveredmethods="1" conditionals="0" coveredconditionals="0" statements="12" coveredstatements="11" elements="14" coveredelements="12"/>
      </class>
      <line num="23" type="method" name="__construct" visibility="public" complexity="1" crap="1" count="6"/>
      <line num="25" type="stmt" count="6"/>
      <line num="26" type="stmt" count="6"/>
      <line num="27" type="stmt" count="6"/>
      <line num="28" type="stmt" count="6"/>
      <line num="29" type="stmt" count="6"/>
      <line num="30" type="stmt" count="6"/>
      <line num="39" type="method" name="buildEntity" visibility="public" complexity="2" crap="2.02" count="3"/>
      <line num="41" type="stmt" count="3"/>
      <line num="42" type="stmt" count="3"/>
      <line num="44" type="stmt" count="3"/>
      <line num="45" type="stmt" count="3"/>
      <line num="47" type="stmt" count="0"/>
      <line num="50" type="stmt" count="3"/>
      <metrics loc="53" ncloc="35" classes="1" methods="2" coveredmethods="1" conditionals="0" coveredconditionals="0" statements="12" coveredstatements="11" elements="14" coveredelements="12"/>
    </file>
    <file name="/Users/redbull/Projects/studoo/ecole-directe-api/src/Query/Query.php">
      <class name="Studoo\Api\EcoleDirecte\Query\Query" namespace="global">
        <metrics complexity="7" methods="6" coveredmethods="3" conditionals="0" coveredconditionals="0" statements="9" coveredstatements="3" elements="15" coveredelements="6"/>
      </class>
      <line num="30" type="method" name="getMethode" visibility="public" complexity="1" crap="1" count="1"/>
      <line num="32" type="stmt" count="1"/>
      <line num="39" type="method" name="getPath" visibility="public" complexity="1" crap="1" count="1"/>
      <line num="41" type="stmt" count="1"/>
      <line num="44" type="method" name="setParamToPath" visibility="public" complexity="2" crap="6" count="0"/>
      <line num="46" type="stmt" count="0"/>
      <line num="47" type="stmt" count="0"/>
      <line num="49" type="stmt" count="0"/>
      <line num="56" type="method" name="getQuery" visibility="public" complexity="1" crap="1" count="1"/>
      <line num="58" type="stmt" count="1"/>
      <line num="64" type="method" name="getRawSource" visibility="public" complexity="1" crap="2" count="0"/>
      <line num="66" type="stmt" count="0"/>
      <line num="73" type="method" name="setRawSource" visibility="public" complexity="1" crap="2" count="0"/>
      <line num="75" type="stmt" count="0"/>
      <line num="76" type="stmt" count="0"/>
      <metrics loc="79" ncloc="52" classes="1" methods="6" coveredmethods="3" conditionals="0" coveredconditionals="0" statements="9" coveredstatements="3" elements="15" coveredelements="6"/>
    </file>
    <file name="/Users/redbull/Projects/studoo/ecole-directe-api/src/Query/RunQuery.php">
      <class name="Studoo\Api\EcoleDirecte\Query\RunQuery" namespace="global">
        <metrics complexity="6" methods="3" coveredmethods="0" conditionals="0" coveredconditionals="0" statements="26" coveredstatements="0" elements="29" coveredelements="0"/>
      </class>
      <line num="40" type="method" name="__construct" visibility="public" complexity="1" crap="2" count="0"/>
      <line num="42" type="stmt" count="0"/>
      <line num="43" type="stmt" count="0"/>
      <line num="44" type="stmt" count="0"/>
      <line num="57" type="method" name="run" visibility="public" complexity="4" crap="20" count="0"/>
      <line num="58" type="stmt" count="0"/>
      <line num="59" type="stmt" count="0"/>
      <line num="60" type="stmt" count="0"/>
      <line num="61" type="stmt" count="0"/>
      <line num="62" type="stmt" count="0"/>
      <line num="65" type="stmt" count="0"/>
      <line num="66" type="stmt" count="0"/>
      <line num="69" type="stmt" count="0"/>
      <line num="71" type="stmt" count="0"/>
      <line num="72" type="stmt" count="0"/>
      <line num="73" type="stmt" count="0"/>
      <line num="74" type="stmt" count="0"/>
      <line num="75" type="stmt" count="0"/>
      <line num="76" type="stmt" count="0"/>
      <line num="77" type="stmt" count="0"/>
      <line num="78" type="stmt" count="0"/>
      <line num="80" type="stmt" count="0"/>
      <line num="81" type="stmt" count="0"/>
      <line num="84" type="stmt" count="0"/>
      <line num="85" type="stmt" count="0"/>
      <line num="94" type="method" name="buildModel" visibility="private" complexity="1" crap="2" count="0"/>
      <line num="96" type="stmt" count="0"/>
      <line num="97" type="stmt" count="0"/>
      <line num="98" type="stmt" count="0"/>
      <metrics loc="101" ncloc="65" classes="1" methods="3" coveredmethods="0" conditionals="0" coveredconditionals="0" statements="26" coveredstatements="0" elements="29" coveredelements="0"/>
    </file>
    <file name="/Users/redbull/Projects/studoo/ecole-directe-api/src/Query/ViescolaireQuery.php">
      <class name="Studoo\Api\EcoleDirecte\Query\ViescolaireQuery" namespace="global">
        <metrics complexity="3" methods="2" coveredmethods="0" conditionals="0" coveredconditionals="0" statements="8" coveredstatements="0" elements="10" coveredelements="0"/>
      </class>
      <line num="23" type="method" name="__construct" visibility="public" complexity="1" crap="2" count="0"/>
      <line num="25" type="stmt" count="0"/>
      <line num="26" type="stmt" count="0"/>
      <line num="27" type="stmt" count="0"/>
      <line num="36" type="method" name="buildEntity" visibility="public" complexity="2" crap="6" count="0"/>
      <line num="38" type="stmt" count="0"/>
      <line num="40" type="stmt" count="0"/>
      <line num="41" type="stmt" count="0"/>
      <line num="43" type="stmt" count="0"/>
      <line num="45" type="stmt" count="0"/>
      <metrics loc="48" ncloc="30" classes="1" methods="2" coveredmethods="0" conditionals="0" coveredconditionals="0" statements="8" coveredstatements="0" elements="10" coveredelements="0"/>
    </file>
    <file name="/Users/redbull/Projects/studoo/ecole-directe-api/src/Service/Request.php">
      <class name="Studoo\Api\EcoleDirecte\Service\Request" namespace="global">
        <metrics complexity="2" methods="2" coveredmethods="0" conditionals="0" coveredconditionals="0" statements="24" coveredstatements="0" elements="26" coveredelements="0"/>
      </class>
      <line num="38" type="method" name="__construct" visibility="public" complexity="1" crap="2" count="0"/>
      <line num="40" type="stmt" count="0"/>
      <line num="41" type="stmt" count="0"/>
      <line num="42" type="stmt" count="0"/>
      <line num="43" type="stmt" count="0"/>
      <line num="44" type="stmt" count="0"/>
      <line num="45" type="stmt" count="0"/>
      <line num="46" type="stmt" count="0"/>
      <line num="57" type="method" name="query" visibility="public" complexity="1" crap="2" count="0"/>
      <line num="60" type="stmt" count="0"/>
      <line num="61" type="stmt" count="0"/>
      <line num="62" type="stmt" count="0"/>
      <line num="63" type="stmt" count="0"/>
      <line num="64" type="stmt" count="0"/>
      <line num="65" type="stmt" count="0"/>
      <line num="67" type="stmt" count="0"/>
      <line num="69" type="stmt" count="0"/>
      <line num="70" type="stmt" count="0"/>
      <line num="71" type="stmt" count="0"/>
      <line num="72" type="stmt" count="0"/>
      <line num="73" type="stmt" count="0"/>
      <line num="74" type="stmt" count="0"/>
      <line num="75" type="stmt" count="0"/>
      <line num="76" type="stmt" count="0"/>
      <line num="78" type="stmt" count="0"/>
      <metrics loc="81" ncloc="61" classes="1" methods="2" coveredmethods="0" conditionals="0" coveredconditionals="0" statements="24" coveredstatements="0" elements="26" coveredelements="0"/>
    </file>
    <metrics files="15" loc="1066" ncloc="625" classes="10" methods="51" coveredmethods="29" conditionals="0" coveredconditionals="0" statements="171" coveredstatements="55" elements="222" coveredelements="84"/>
  </project>
</coverage>
